Performing C SOURCE FILE Test CMAKE_HAVE_LIBC_PTHREAD failed with the following output:
Change Dir: /home/alg/darknet_ros/src/darknet_ros/darknet_ros/cmake-build-debug/CMakeFiles/CMakeTmp

Run Build Command(s):/usr/bin/make cmTC_f852c/fast && /usr/bin/make -f CMakeFiles/cmTC_f852c.dir/build.make CMakeFiles/cmTC_f852c.dir/build
make[1]: Entering directory '/home/alg/darknet_ros/src/darknet_ros/darknet_ros/cmake-build-debug/CMakeFiles/CMakeTmp'
Building C object CMakeFiles/cmTC_f852c.dir/src.c.o
/usr/bin/cc   -fPIC -DCMAKE_HAVE_LIBC_PTHREAD   -o CMakeFiles/cmTC_f852c.dir/src.c.o   -c /home/alg/darknet_ros/src/darknet_ros/darknet_ros/cmake-build-debug/CMakeFiles/CMakeTmp/src.c
Linking C executable cmTC_f852c
/home/alg/.local/share/JetBrains/Toolbox/apps/CLion/ch-0/192.6817.32/bin/cmake/linux/bin/cmake -E cmake_link_script CMakeFiles/cmTC_f852c.dir/link.txt --verbose=1
/usr/bin/cc -fPIC -DCMAKE_HAVE_LIBC_PTHREAD    -rdynamic CMakeFiles/cmTC_f852c.dir/src.c.o  -o cmTC_f852c 
CMakeFiles/cmTC_f852c.dir/src.c.o: In function `main':
src.c:(.text+0x3e): undefined reference to `pthread_create'
src.c:(.text+0x4a): undefined reference to `pthread_detach'
src.c:(.text+0x5b): undefined reference to `pthread_join'
src.c:(.text+0x6f): undefined reference to `pthread_atfork'
collect2: error: ld returned 1 exit status
CMakeFiles/cmTC_f852c.dir/build.make:86: recipe for target 'cmTC_f852c' failed
make[1]: *** [cmTC_f852c] Error 1
make[1]: Leaving directory '/home/alg/darknet_ros/src/darknet_ros/darknet_ros/cmake-build-debug/CMakeFiles/CMakeTmp'
Makefile:121: recipe for target 'cmTC_f852c/fast' failed
make: *** [cmTC_f852c/fast] Error 2


Source file was:
#include <pthread.h>

void* test_func(void* data)
{
  return data;
}

int main(void)
{
  pthread_t thread;
  pthread_create(&thread, NULL, test_func, NULL);
  pthread_detach(thread);
  pthread_join(thread, NULL);
  pthread_atfork(NULL, NULL, NULL);
  pthread_exit(NULL);

  return 0;
}

Determining if the function pthread_create exists in the pthreads failed with the following output:
Change Dir: /home/alg/darknet_ros/src/darknet_ros/darknet_ros/cmake-build-debug/CMakeFiles/CMakeTmp

Run Build Command(s):/usr/bin/make cmTC_16b7c/fast && /usr/bin/make -f CMakeFiles/cmTC_16b7c.dir/build.make CMakeFiles/cmTC_16b7c.dir/build
make[1]: Entering directory '/home/alg/darknet_ros/src/darknet_ros/darknet_ros/cmake-build-debug/CMakeFiles/CMakeTmp'
Building C object CMakeFiles/cmTC_16b7c.dir/CheckFunctionExists.c.o
/usr/bin/cc   -fPIC -DCHECK_FUNCTION_EXISTS=pthread_create   -o CMakeFiles/cmTC_16b7c.dir/CheckFunctionExists.c.o   -c /home/alg/.local/share/JetBrains/Toolbox/apps/CLion/ch-0/192.6817.32/bin/cmake/linux/share/cmake-3.15/Modules/CheckFunctionExists.c
Linking C executable cmTC_16b7c
/home/alg/.local/share/JetBrains/Toolbox/apps/CLion/ch-0/192.6817.32/bin/cmake/linux/bin/cmake -E cmake_link_script CMakeFiles/cmTC_16b7c.dir/link.txt --verbose=1
/usr/bin/cc -fPIC -DCHECK_FUNCTION_EXISTS=pthread_create    -rdynamic CMakeFiles/cmTC_16b7c.dir/CheckFunctionExists.c.o  -o cmTC_16b7c -lpthreads 
/usr/bin/ld: cannot find -lpthreads
collect2: error: ld returned 1 exit status
CMakeFiles/cmTC_16b7c.dir/build.make:86: recipe for target 'cmTC_16b7c' failed
make[1]: *** [cmTC_16b7c] Error 1
make[1]: Leaving directory '/home/alg/darknet_ros/src/darknet_ros/darknet_ros/cmake-build-debug/CMakeFiles/CMakeTmp'
Makefile:121: recipe for target 'cmTC_16b7c/fast' failed
make: *** [cmTC_16b7c/fast] Error 2



